<?xml version="1.0" encoding="UTF-8"?>
<!-- Generated by org.testng.reporters.JUnitReportReporter -->
<testsuite hostname="Sagar" failures="0" tests="5" name="seleniumone.testngpractice" time="32.038" errors="0" timestamp="2025-03-24T21:40:49 IST" skipped="1">
  <testcase classname="seleniumone.testngpractice" name="captureFacebook" time="4.790"/>
  <testcase classname="seleniumone.testngpractice" name="captureTitleSpiceJet" time="10.772"/>
  <testcase classname="seleniumone.testngpractice" name="captureurl" time="8.393"/>
  <testcase classname="seleniumone.testngpractice" name="capturetitle" time="8.083"/>
  <testcase classname="seleniumone.testngpractice" name="loginTest">
    <skipped/>
  </testcase> <!-- loginTest -->
</testsuite> <!-- seleniumone.testngpractice -->
