<?xml version="1.0" encoding="UTF-8"?>
<!-- Generated by org.testng.reporters.JUnitReportReporter -->
<testsuite hostname="Sagar" failures="0" tests="3" name="seleniumone.testngpractice" time="14.669" errors="0" timestamp="2025-02-27T16:35:02 IST" skipped="1">
  <testcase classname="seleniumone.testngpractice" name="captureurl" time="6.906"/>
  <testcase classname="seleniumone.testngpractice" name="capturetitle" time="7.763"/>
  <testcase classname="seleniumone.testngpractice" name="loginTest">
    <skipped/>
  </testcase> <!-- loginTest -->
</testsuite> <!-- seleniumone.testngpractice -->
